- line: 1
  command: LOAD
  operands:
  - '31'
  - '78'
  bytes:
  - '0xFC'
  - '0x07'
  - '0x38'
  - '0x01'
  - '0x00'
  - '0x00'
- line: 2
  command: READ
  operands:
  - '766'
  - '33'
  - '3'
  bytes:
  - '0xA7'
  - '0xBF'
  - '0x84'
  - '0xC0'
  - '0x00'
  - '0x00'
- line: 3
  command: WRITE
  operands:
  - '51'
  - '19'
  bytes:
  - '0xF5'
  - '0x0C'
  - '0x4C'
  - '0x00'
  - '0x00'
  - '0x00'
- line: 4
  command: BITREV
  operands:
  - '23'
  - '5'
  bytes:
  - '0xDC'
  - '0x05'
  - '0x14'
  - '0x00'
  - '0x00'
  - '0x00'
